  CREATE_STREAM @0 ns {NAME:packet_stream T: SCOPE:top.producer2 STREAM:491}
  CREATE_STREAM @0 ns {NAME:packet_stream T: SCOPE:top.producer1 STREAM:501}
    OPEN_RECORDER @10 ns {TXH:526 STREAM:501 NAME:packet TIME:10 ns TYPE="Begin_No_Parent, Link"}
  CREATE_STREAM @10 ns {NAME:main T:TVM SCOPE:top.consumer STREAM:528}
    OPEN_RECORDER @10 ns {TXH:530 STREAM:528 NAME:producer1-0 TIME:10 ns TYPE="Begin_No_Parent, Link"}
  LINK @10 ns {TXH1:530 TXH2:526 RELATION=}
      SET_ATTR @40 ns {TXH:526 NAME:addr VALUE:41   RADIX:UVM_HEX BITS=32}
      SET_ATTR @40 ns {TXH:526 NAME:accept_time VALUE:0 ns   RADIX:UVM_TIME BITS=64}
      SET_ATTR @40 ns {TXH:526 NAME:initiator VALUE:349   RADIX:UVM_DEC BITS=32}
    CLOSE_RECORDER @40 ns {TXH:526 TIME=40 ns}
    FREE_RECORDER @40 ns {TXH:526}
      SET_ATTR @40 ns {TXH:530 NAME:addr VALUE:41   RADIX:UVM_HEX BITS=32}
      SET_ATTR @40 ns {TXH:530 NAME:accept_time VALUE:0 ns   RADIX:UVM_TIME BITS=64}
      SET_ATTR @40 ns {TXH:530 NAME:initiator VALUE:349   RADIX:UVM_DEC BITS=32}
    CLOSE_RECORDER @40 ns {TXH:530 TIME=40 ns}
    FREE_RECORDER @40 ns {TXH:530}
    OPEN_RECORDER @50 ns {TXH:552 STREAM:491 NAME:packet TIME:50 ns TYPE="Begin_No_Parent, Link"}
    OPEN_RECORDER @50 ns {TXH:554 STREAM:528 NAME:producer2-0 TIME:50 ns TYPE="Begin_No_Parent, Link"}
  LINK @50 ns {TXH1:554 TXH2:552 RELATION=}
      SET_ATTR @80 ns {TXH:552 NAME:addr VALUE:f8   RADIX:UVM_HEX BITS=32}
      SET_ATTR @80 ns {TXH:552 NAME:accept_time VALUE:40 ns   RADIX:UVM_TIME BITS=64}
      SET_ATTR @80 ns {TXH:552 NAME:initiator VALUE:371   RADIX:UVM_DEC BITS=32}
    CLOSE_RECORDER @80 ns {TXH:552 TIME=80 ns}
    FREE_RECORDER @80 ns {TXH:552}
      SET_ATTR @80 ns {TXH:554 NAME:addr VALUE:f8   RADIX:UVM_HEX BITS=32}
      SET_ATTR @80 ns {TXH:554 NAME:accept_time VALUE:40 ns   RADIX:UVM_TIME BITS=64}
      SET_ATTR @80 ns {TXH:554 NAME:initiator VALUE:371   RADIX:UVM_DEC BITS=32}
    CLOSE_RECORDER @80 ns {TXH:554 TIME=80 ns}
    FREE_RECORDER @80 ns {TXH:554}
    OPEN_RECORDER @90 ns {TXH:562 STREAM:501 NAME:packet TIME:90 ns TYPE="Begin_No_Parent, Link"}
    OPEN_RECORDER @90 ns {TXH:564 STREAM:528 NAME:producer1-1 TIME:90 ns TYPE="Begin_No_Parent, Link"}
  LINK @90 ns {TXH1:564 TXH2:562 RELATION=}
      SET_ATTR @120 ns {TXH:562 NAME:addr VALUE:ed   RADIX:UVM_HEX BITS=32}
      SET_ATTR @120 ns {TXH:562 NAME:accept_time VALUE:80 ns   RADIX:UVM_TIME BITS=64}
      SET_ATTR @120 ns {TXH:562 NAME:initiator VALUE:349   RADIX:UVM_DEC BITS=32}
    CLOSE_RECORDER @120 ns {TXH:562 TIME=120 ns}
    FREE_RECORDER @120 ns {TXH:562}
      SET_ATTR @120 ns {TXH:564 NAME:addr VALUE:ed   RADIX:UVM_HEX BITS=32}
      SET_ATTR @120 ns {TXH:564 NAME:accept_time VALUE:80 ns   RADIX:UVM_TIME BITS=64}
      SET_ATTR @120 ns {TXH:564 NAME:initiator VALUE:349   RADIX:UVM_DEC BITS=32}
    CLOSE_RECORDER @120 ns {TXH:564 TIME=120 ns}
    FREE_RECORDER @120 ns {TXH:564}
    OPEN_RECORDER @130 ns {TXH:580 STREAM:491 NAME:packet TIME:130 ns TYPE="Begin_No_Parent, Link"}
    OPEN_RECORDER @130 ns {TXH:582 STREAM:528 NAME:producer2-1 TIME:130 ns TYPE="Begin_No_Parent, Link"}
  LINK @130 ns {TXH1:582 TXH2:580 RELATION=}
      SET_ATTR @160 ns {TXH:580 NAME:addr VALUE:51   RADIX:UVM_HEX BITS=32}
      SET_ATTR @160 ns {TXH:580 NAME:accept_time VALUE:120 ns   RADIX:UVM_TIME BITS=64}
      SET_ATTR @160 ns {TXH:580 NAME:initiator VALUE:371   RADIX:UVM_DEC BITS=32}
    CLOSE_RECORDER @160 ns {TXH:580 TIME=160 ns}
    FREE_RECORDER @160 ns {TXH:580}
      SET_ATTR @160 ns {TXH:582 NAME:addr VALUE:51   RADIX:UVM_HEX BITS=32}
      SET_ATTR @160 ns {TXH:582 NAME:accept_time VALUE:120 ns   RADIX:UVM_TIME BITS=64}
      SET_ATTR @160 ns {TXH:582 NAME:initiator VALUE:371   RADIX:UVM_DEC BITS=32}
    CLOSE_RECORDER @160 ns {TXH:582 TIME=160 ns}
    FREE_RECORDER @160 ns {TXH:582}
    OPEN_RECORDER @170 ns {TXH:590 STREAM:491 NAME:packet TIME:170 ns TYPE="Begin_No_Parent, Link"}
    OPEN_RECORDER @170 ns {TXH:592 STREAM:528 NAME:producer2-2 TIME:170 ns TYPE="Begin_No_Parent, Link"}
  LINK @170 ns {TXH1:592 TXH2:590 RELATION=}
      SET_ATTR @200 ns {TXH:590 NAME:addr VALUE:42   RADIX:UVM_HEX BITS=32}
      SET_ATTR @200 ns {TXH:590 NAME:accept_time VALUE:160 ns   RADIX:UVM_TIME BITS=64}
      SET_ATTR @200 ns {TXH:590 NAME:initiator VALUE:371   RADIX:UVM_DEC BITS=32}
    CLOSE_RECORDER @200 ns {TXH:590 TIME=200 ns}
    FREE_RECORDER @200 ns {TXH:590}
      SET_ATTR @200 ns {TXH:592 NAME:addr VALUE:42   RADIX:UVM_HEX BITS=32}
      SET_ATTR @200 ns {TXH:592 NAME:accept_time VALUE:160 ns   RADIX:UVM_TIME BITS=64}
      SET_ATTR @200 ns {TXH:592 NAME:initiator VALUE:371   RADIX:UVM_DEC BITS=32}
    CLOSE_RECORDER @200 ns {TXH:592 TIME=200 ns}
    FREE_RECORDER @200 ns {TXH:592}
    OPEN_RECORDER @210 ns {TXH:602 STREAM:491 NAME:packet TIME:210 ns TYPE="Begin_No_Parent, Link"}
    OPEN_RECORDER @210 ns {TXH:604 STREAM:528 NAME:producer2-3 TIME:210 ns TYPE="Begin_No_Parent, Link"}
  LINK @210 ns {TXH1:604 TXH2:602 RELATION=}
      SET_ATTR @240 ns {TXH:602 NAME:addr VALUE:1d   RADIX:UVM_HEX BITS=32}
      SET_ATTR @240 ns {TXH:602 NAME:accept_time VALUE:200 ns   RADIX:UVM_TIME BITS=64}
      SET_ATTR @240 ns {TXH:602 NAME:initiator VALUE:371   RADIX:UVM_DEC BITS=32}
    CLOSE_RECORDER @240 ns {TXH:602 TIME=240 ns}
    FREE_RECORDER @240 ns {TXH:602}
      SET_ATTR @240 ns {TXH:604 NAME:addr VALUE:1d   RADIX:UVM_HEX BITS=32}
      SET_ATTR @240 ns {TXH:604 NAME:accept_time VALUE:200 ns   RADIX:UVM_TIME BITS=64}
      SET_ATTR @240 ns {TXH:604 NAME:initiator VALUE:371   RADIX:UVM_DEC BITS=32}
    CLOSE_RECORDER @240 ns {TXH:604 TIME=240 ns}
    FREE_RECORDER @240 ns {TXH:604}
